c:\users\danny\documents\library\software development\projects\roulette\version 2\roulettev2.0\roulette\debug\vc140.pdb
c:\users\danny\documents\library\software development\projects\roulette\version 2\roulettev2.0\roulette\debug\vc140.idb
c:\users\danny\documents\library\software development\projects\roulette\version 2\roulettev2.0\roulette\debug\datfile_window.obj
c:\users\danny\documents\library\software development\projects\roulette\version 2\roulettev2.0\roulette\debug\endgame_window.obj
c:\users\danny\documents\library\software development\projects\roulette\version 2\roulettev2.0\roulette\debug\game_window.obj
c:\users\danny\documents\library\software development\projects\roulette\version 2\roulettev2.0\roulette\debug\highscore_list.obj
c:\users\danny\documents\library\software development\projects\roulette\version 2\roulettev2.0\roulette\debug\innerbet_window.obj
c:\users\danny\documents\library\software development\projects\roulette\version 2\roulettev2.0\roulette\debug\inside_window.obj
c:\users\danny\documents\library\software development\projects\roulette\version 2\roulettev2.0\roulette\debug\main.obj
c:\users\danny\documents\library\software development\projects\roulette\version 2\roulettev2.0\roulette\debug\message_box.obj
c:\users\danny\documents\library\software development\projects\roulette\version 2\roulettev2.0\roulette\debug\notification_window.obj
c:\users\danny\documents\library\software development\projects\roulette\version 2\roulettev2.0\roulette\debug\outerbet_window.obj
c:\users\danny\documents\library\software development\projects\roulette\version 2\roulettev2.0\roulette\debug\outside_window.obj
c:\users\danny\documents\library\software development\projects\roulette\version 2\roulettev2.0\roulette\debug\player.obj
c:\users\danny\documents\library\software development\projects\roulette\version 2\roulettev2.0\roulette\debug\question_window.obj
c:\users\danny\documents\library\software development\projects\roulette\version 2\roulettev2.0\roulette\debug\quit_window.obj
c:\users\danny\documents\library\software development\projects\roulette\version 2\roulettev2.0\roulette\debug\roulette_menu.obj
c:\users\danny\documents\library\software development\projects\roulette\version 2\roulettev2.0\roulette\debug\score_data.obj
c:\users\danny\documents\library\software development\projects\roulette\version 2\roulettev2.0\roulette\debug\score_window.obj
c:\users\danny\documents\library\software development\projects\roulette\version 2\roulettev2.0\roulette\debug\startup_window.obj
c:\users\danny\documents\library\software development\projects\roulette\version 2\roulettev2.0\roulette\debug\useful_functions.obj
c:\users\danny\documents\library\software development\projects\roulette\version 2\roulettev2.0\roulette\debug\bet_calculator.obj
c:\users\danny\documents\library\software development\projects\roulette\version 2\roulettev2.0\roulette\debug\bet_window.obj
c:\users\danny\documents\library\software development\projects\roulette\version 2\roulettev2.0\roulette\debug\jpeg_image_box.obj
c:\users\danny\documents\library\software development\projects\roulette\version 2\roulettev2.0\debug\roulette.ilk
c:\users\danny\documents\library\software development\projects\roulette\version 2\roulettev2.0\debug\roulette.exe
c:\users\danny\documents\library\software development\projects\roulette\version 2\roulettev2.0\debug\roulette.pdb
c:\users\danny\documents\library\software development\projects\roulette\version 2\roulettev2.0\roulette\debug\roulette.tlog\cl.command.1.tlog
c:\users\danny\documents\library\software development\projects\roulette\version 2\roulettev2.0\roulette\debug\roulette.tlog\cl.read.1.tlog
c:\users\danny\documents\library\software development\projects\roulette\version 2\roulettev2.0\roulette\debug\roulette.tlog\cl.write.1.tlog
c:\users\danny\documents\library\software development\projects\roulette\version 2\roulettev2.0\roulette\debug\roulette.tlog\link.command.1.tlog
c:\users\danny\documents\library\software development\projects\roulette\version 2\roulettev2.0\roulette\debug\roulette.tlog\link.read.1.tlog
c:\users\danny\documents\library\software development\projects\roulette\version 2\roulettev2.0\roulette\debug\roulette.tlog\link.write.1.tlog
